<?xml version="1.0" encoding="UTF-8"?>
<!-- Generated by org.testng.reporters.JUnitXMLReporter -->
<testsuite ignored="21" hostname="LTIN487229" failures="1" tests="10" name="ChromeTest(failed)" time="150.092" errors="0" timestamp="2024-04-14T14:52:33 IST">
  <testcase classname="testCase.TS_04_ValidationOfLabTest" name="addToCartValidation" time="8.851"/>
  <testcase classname="testCase.TS_02_ValidationOfScheduling" name="withAllValidDetails" time="3.074"/>
  <testcase classname="testCase.TS_02_ValidationOfScheduling" name="withAllValidDetails" time="3.124"/>
  <testcase classname="testCase.TS_02_ValidationOfScheduling" name="withAllValidDetails" time="3.046"/>
  <testcase classname="testCase.TS_02_ValidationOfScheduling" name="withAllValidDetails" time="2.92"/>
  <testcase classname="testCase.TS_02_ValidationOfScheduling" name="validationOfThankYouMessage" time="33.725"/>
  <testcase classname="testCase.TS_01_ValidationOfHomePage" name="functionalityValidation" time="0.574"/>
  <testcase classname="testCase.TS_03_ValidationSergeriesPage" name="allDepartment" time="1.84"/>
  <testcase classname="io.cucumber.testng.AbstractTestNGCucumberTests" name="runScenario" time="20.741">
    <failure type="java.lang.AssertionError" message="expected [THANK YO] but found [THANK YOU]">
      <![CDATA[java.lang.AssertionError: expected [THANK YO] but found [THANK YOU]
at steps.testSteps.loginButtonShouldBeEnabeld(testSteps.java:71)
at âœ½.Login button should be enabeld(file:///C:/Users/2318922/OneDrive%20-%20Cognizant/Project/FindingHospitals/src/test/java/features/Schedule.feature:26)
... Removed 6 stack frames]]>
    </failure>
  </testcase> <!-- runScenario -->
  <testcase classname="testCase.TS_05_ValidationOfSearchPage" name="verifyLocation" time="4.969"/>
  <testcase classname="testBase.BaseClass" name="@BeforeSuite beforeSuite" time="0.0">
    <ignored/>
  </testcase> <!-- @BeforeSuite beforeSuite -->
  <testcase classname="testCase.TS_04_ValidationOfLabTest" name="topCitiesBlockAvailable" time="0.0">
    <ignored/>
  </testcase> <!-- topCitiesBlockAvailable -->
  <testcase classname="testCase.TS_02_ValidationOfScheduling" name="isHealthIsClickable" time="0.0">
    <ignored/>
  </testcase> <!-- isHealthIsClickable -->
  <testcase classname="testCase.TS_03_ValidationSergeriesPage" name="howItWorks" time="0.0">
    <ignored/>
  </testcase> <!-- howItWorks -->
  <testcase classname="testCase.TS_03_ValidationSergeriesPage" name="allSurgeries" time="0.0">
    <ignored/>
  </testcase> <!-- allSurgeries -->
  <testcase classname="testBase.BaseClass" name="@BeforeSuite beforeSuite" time="0.0">
    <ignored/>
  </testcase> <!-- @BeforeSuite beforeSuite -->
  <testcase classname="testCase.TS_04_ValidationOfLabTest" name="isLabTestclickable" time="0.0">
    <ignored/>
  </testcase> <!-- isLabTestclickable -->
  <testcase classname="testCase.TS_03_ValidationSergeriesPage" name="practoCareBenifits" time="0.0">
    <ignored/>
  </testcase> <!-- practoCareBenifits -->
  <testcase classname="testCase.TS_05_ValidationOfSearchPage" name="userVerification" time="0.0">
    <ignored/>
  </testcase> <!-- userVerification -->
  <testcase classname="testCase.TS_05_ValidationOfSearchPage" name="professionValidation" time="0.0">
    <ignored/>
  </testcase> <!-- professionValidation -->
  <testcase classname="testBase.BaseClass" name="@BeforeSuite beforeSuite" time="0.0">
    <ignored/>
  </testcase> <!-- @BeforeSuite beforeSuite -->
  <testcase classname="testCase.TS_05_ValidationOfSearchPage" name="dropDownVerification" time="0.0">
    <ignored/>
  </testcase> <!-- dropDownVerification -->
  <testcase classname="testCase.TS_04_ValidationOfLabTest" name="allCitiesBlockAvailable" time="0.0">
    <ignored/>
  </testcase> <!-- allCitiesBlockAvailable -->
  <testcase classname="testCase.TS_03_ValidationSergeriesPage" name="contactDetails" time="0.0">
    <ignored/>
  </testcase> <!-- contactDetails -->
  <testcase classname="testCase.TS_01_ValidationOfHomePage" name="logoValidation" time="0.0">
    <ignored/>
  </testcase> <!-- logoValidation -->
  <testcase classname="testCase.TS_01_ValidationOfHomePage" name="loginValidation" time="0.0">
    <ignored/>
  </testcase> <!-- loginValidation -->
  <testcase classname="testBase.BaseClass" name="@BeforeSuite beforeSuite" time="0.0">
    <ignored/>
  </testcase> <!-- @BeforeSuite beforeSuite -->
  <testcase classname="testCase.TS_04_ValidationOfLabTest" name="needHelpBlockValidation" time="0.0">
    <ignored/>
  </testcase> <!-- needHelpBlockValidation -->
  <testcase classname="testCase.TS_05_ValidationOfSearchPage" name="professionVerification" time="0.0">
    <ignored/>
  </testcase> <!-- professionVerification -->
  <testcase classname="testCase.TS_01_ValidationOfHomePage" name="downloadValidation" time="0.0">
    <ignored/>
  </testcase> <!-- downloadValidation -->
  <testcase classname="testCase.TS_01_ValidationOfHomePage" name="copyRightValidation" time="0.0">
    <ignored/>
  </testcase> <!-- copyRightValidation -->
</testsuite> <!-- ChromeTest(failed) -->
