<html>
<head>
<title>TestNG:  ChromeTest(failed)</title>
<link href="../testng.css" rel="stylesheet" type="text/css" />
<link href="../my-testng.css" rel="stylesheet" type="text/css" />

<style type="text/css">
.log { display: none;} 
.stack-trace { display: none;} 
</style>
<script type="text/javascript">
<!--
function flip(e) {
  current = e.style.display;
  if (current == 'block') {
    e.style.display = 'none';
    return 0;
  }
  else {
    e.style.display = 'block';
    return 1;
  }
}

function toggleBox(szDivId, elem, msg1, msg2)
{
  var res = -1;  if (document.getElementById) {
    res = flip(document.getElementById(szDivId));
  }
  else if (document.all) {
    // this is the way old msie versions work
    res = flip(document.all[szDivId]);
  }
  if(elem) {
    if(res == 0) elem.innerHTML = msg1; else elem.innerHTML = msg2;
  }

}

function toggleAllBoxes() {
  if (document.getElementsByTagName) {
    d = document.getElementsByTagName('div');
    for (i = 0; i < d.length; i++) {
      if (d[i].className == 'log') {
        flip(d[i]);
      }
    }
  }
}

// -->
</script>

</head>
<body>
<h2 align='center'>ChromeTest(failed)</h2><table border='1' align="center">
<tr>
<td>Tests passed/Failed/Skipped:</td><td>9/1/0</td>
</tr><tr>
<td>Started on:</td><td>Sun Apr 14 14:50:03 IST 2024</td>
</tr>
<tr><td>Total time:</td><td>150 seconds (150092 ms)</td>
</tr><tr>
<td>Included groups:</td><td></td>
</tr><tr>
<td>Excluded groups:</td><td></td>
</tr>
</table><p/>
<small><i>(Hover the method name to see the test class name)</i></small><p/>
<table width='100%' border='1' class='invocation-failed'>
<tr><td colspan='4' align='center'><b>FAILED TESTS</b></td></tr>
<tr><td><b>Test method</b></td>
<td><b>Attribute(s)</b></td>
<td width="30%"><b>Exception</b></td>
<td width="10%"><b>Time (seconds)</b></td>
<td><b>Instance</b></td>
</tr>
<tr>
<td title='testRunner.Runner.runScenario()'><b>runScenario</b><br>Test class: testRunner.Runner<br>Test method: Runs Cucumber Scenarios<br>Parameters: "Login-button enabled", "Validation of Schedule a Demo Form"</td>
<td><div><pre>java.lang.AssertionError: expected [THANK YO] but found [THANK YOU]
	at steps.testSteps.loginButtonShouldBeEnabeld(testSteps.java:71)
	at ✽.Login button should be enabeld(file:///C:/Users/2318922/OneDrive%20-%20Cognizant/Project/FindingHospitals/src/test/java/features/Schedule.feature:26)
... Removed 6 stack frames</pre></div><a href='#' onClick='toggleBox("stack-trace838733029", this, "Click to show all stack frames", "Click to hide stack frames")'>Click to show all stack frames</a>
<div class='stack-trace' id='stack-trace838733029'><pre>java.lang.AssertionError: expected [THANK YO] but found [THANK YOU]
	at org.testng.Assert.fail(Assert.java:111)
	at org.testng.Assert.failNotEquals(Assert.java:1578)
	at org.testng.Assert.assertEqualsImpl(Assert.java:150)
	at org.testng.Assert.assertEquals(Assert.java:132)
	at org.testng.Assert.assertEquals(Assert.java:656)
	at org.testng.Assert.assertEquals(Assert.java:666)
	at steps.testSteps.loginButtonShouldBeEnabeld(testSteps.java:71)
	at ✽.Login button should be enabeld(file:///C:/Users/2318922/OneDrive%20-%20Cognizant/Project/FindingHospitals/src/test/java/features/Schedule.feature:26)
</pre></div></td>
<td>20</td>
<td>testRunner.Runner@7b4c50bc</td></tr>
</table><p>
<table width='100%' border='1' class='invocation-passed'>
<tr><td colspan='4' align='center'><b>PASSED TESTS</b></td></tr>
<tr><td><b>Test method</b></td>
<td><b>Attribute(s)</b></td>
<td width="30%"><b>Exception</b></td>
<td width="10%"><b>Time (seconds)</b></td>
<td><b>Instance</b></td>
</tr>
<tr>
<td title='testCase.TS_02_ValidationOfScheduling.withAllValidDetails()'><b>withAllValidDetails</b><br>Test class: testCase.TS_02_ValidationOfScheduling<br>Parameters: [Ljava.lang.String;@12a9e864</td>
<td></td>
<td>3</td>
<td>testCase.TS_02_ValidationOfScheduling@7e990ed7</td></tr>
<tr>
<td title='testCase.TS_03_ValidationSergeriesPage.allDepartment()'><b>allDepartment</b><br>Test class: testCase.TS_03_ValidationSergeriesPage</td>
<td></td>
<td>1</td>
<td>testCase.TS_03_ValidationSergeriesPage@25df00a0</td></tr>
<tr>
<td title='testCase.TS_05_ValidationOfSearchPage.verifyLocation()'><b>verifyLocation</b><br>Test class: testCase.TS_05_ValidationOfSearchPage</td>
<td></td>
<td>4</td>
<td>testCase.TS_05_ValidationOfSearchPage@5884a914</td></tr>
<tr>
<td title='testCase.TS_01_ValidationOfHomePage.functionalityValidation()'><b>functionalityValidation</b><br>Test class: testCase.TS_01_ValidationOfHomePage</td>
<td></td>
<td>0</td>
<td>testCase.TS_01_ValidationOfHomePage@c05fddc</td></tr>
<tr>
<td title='testCase.TS_02_ValidationOfScheduling.withAllValidDetails()'><b>withAllValidDetails</b><br>Test class: testCase.TS_02_ValidationOfScheduling<br>Parameters: [Ljava.lang.String;@462f8fe9</td>
<td></td>
<td>3</td>
<td>testCase.TS_02_ValidationOfScheduling@7e990ed7</td></tr>
<tr>
<td title='testCase.TS_02_ValidationOfScheduling.withAllValidDetails()'><b>withAllValidDetails</b><br>Test class: testCase.TS_02_ValidationOfScheduling<br>Parameters: [Ljava.lang.String;@3c6fc4cd</td>
<td></td>
<td>3</td>
<td>testCase.TS_02_ValidationOfScheduling@7e990ed7</td></tr>
<tr>
<td title='testCase.TS_04_ValidationOfLabTest.addToCartValidation()'><b>addToCartValidation</b><br>Test class: testCase.TS_04_ValidationOfLabTest</td>
<td></td>
<td>8</td>
<td>testCase.TS_04_ValidationOfLabTest@3feb2dda</td></tr>
<tr>
<td title='testCase.TS_02_ValidationOfScheduling.withAllValidDetails()'><b>withAllValidDetails</b><br>Test class: testCase.TS_02_ValidationOfScheduling<br>Parameters: [Ljava.lang.String;@b2e1df3</td>
<td></td>
<td>2</td>
<td>testCase.TS_02_ValidationOfScheduling@7e990ed7</td></tr>
<tr>
<td title='testCase.TS_02_ValidationOfScheduling.validationOfThankYouMessage()'><b>validationOfThankYouMessage</b><br>Test class: testCase.TS_02_ValidationOfScheduling</td>
<td></td>
<td>33</td>
<td>testCase.TS_02_ValidationOfScheduling@7e990ed7</td></tr>
</table><p>
</body>
</html>