<html>
<head>
<title>TestNG:  EdgeTest(failed)</title>
<link href="../testng.css" rel="stylesheet" type="text/css" />
<link href="../my-testng.css" rel="stylesheet" type="text/css" />

<style type="text/css">
.log { display: none;} 
.stack-trace { display: none;} 
</style>
<script type="text/javascript">
<!--
function flip(e) {
  current = e.style.display;
  if (current == 'block') {
    e.style.display = 'none';
    return 0;
  }
  else {
    e.style.display = 'block';
    return 1;
  }
}

function toggleBox(szDivId, elem, msg1, msg2)
{
  var res = -1;  if (document.getElementById) {
    res = flip(document.getElementById(szDivId));
  }
  else if (document.all) {
    // this is the way old msie versions work
    res = flip(document.all[szDivId]);
  }
  if(elem) {
    if(res == 0) elem.innerHTML = msg1; else elem.innerHTML = msg2;
  }

}

function toggleAllBoxes() {
  if (document.getElementsByTagName) {
    d = document.getElementsByTagName('div');
    for (i = 0; i < d.length; i++) {
      if (d[i].className == 'log') {
        flip(d[i]);
      }
    }
  }
}

// -->
</script>

</head>
<body>
<h2 align='center'>EdgeTest(failed)</h2><table border='1' align="center">
<tr>
<td>Tests passed/Failed/Skipped:</td><td>9/1/0</td>
</tr><tr>
<td>Started on:</td><td>Sun Apr 14 14:52:33 IST 2024</td>
</tr>
<tr><td>Total time:</td><td>168 seconds (168822 ms)</td>
</tr><tr>
<td>Included groups:</td><td></td>
</tr><tr>
<td>Excluded groups:</td><td></td>
</tr>
</table><p/>
<small><i>(Hover the method name to see the test class name)</i></small><p/>
<table width='100%' border='1' class='invocation-failed'>
<tr><td colspan='4' align='center'><b>FAILED TESTS</b></td></tr>
<tr><td><b>Test method</b></td>
<td><b>Attribute(s)</b></td>
<td width="30%"><b>Exception</b></td>
<td width="10%"><b>Time (seconds)</b></td>
<td><b>Instance</b></td>
</tr>
<tr>
<td title='testRunner.Runner.runScenario()'><b>runScenario</b><br>Test class: testRunner.Runner<br>Test method: Runs Cucumber Scenarios<br>Parameters: "Login-button enabled", "Validation of Schedule a Demo Form"</td>
<td><div><pre>org.openqa.selenium.NoSuchElementException: no such element: Unable to locate element: {&quot;method&quot;:&quot;xpath&quot;,&quot;selector&quot;:&quot;//div[@class=&apos;u-text--bold text-alpha&apos;]&quot;}
  (Session info: chrome=120.0.6099.130)
For documentation on this error, please visit: https://www.selenium.dev/documentation/webdriver/troubleshooting/errors#no-such-element-exception
Build info: version: &apos;4.19.1&apos;, revision: &apos;abe0ee07dc&apos;
System info: os.name: &apos;Windows 11&apos;, os.arch: &apos;amd64&apos;, os.version: &apos;10.0&apos;, java.version: &apos;17.0.9&apos;
Driver info: org.openqa.selenium.chrome.ChromeDriver
Command: [629afd32cdb84af0266c8e76d110f7c3, findElement {using=xpath, value=//div[@class=&apos;u-text--bold text-alpha&apos;]}]
Capabilities {acceptInsecureCerts: false, browserName: chrome, browserVersion: 120.0.6099.130, chrome: {chromedriverVersion: 120.0.6099.109 (3419140ab66..., userDataDir: C:\WINDOWS\SystemTemp\scope...}, fedcm:accounts: true, goog:chromeOptions: {debuggerAddress: localhost:50965}, networkConnectionEnabled: false, pageLoadStrategy: normal, platformName: windows, proxy: Proxy(), se:cdp: ws://localhost:50965/devtoo..., se:cdpVersion: 120.0.6099.130, setWindowRect: true, strictFileInteractability: false, timeouts: {implicit: 0, pageLoad: 300000, script: 30000}, unhandledPromptBehavior: dismiss and notify, webauthn:extension:credBlob: true, webauthn:extension:largeBlob: true, webauthn:extension:minPinLength: true, webauthn:extension:prf: true, webauthn:virtualAuthenticators: true}
Session ID: 629afd32cdb84af0266c8e76d110f7c3
	at org.openqa.selenium.remote.ErrorCodec.decode(ErrorCodec.java:167)
	at org.openqa.selenium.remote.codec.w3c.W3CHttpResponseCodec.decode(W3CHttpResponseCodec.java:138)
	at org.openqa.selenium.remote.codec.w3c.W3CHttpResponseCodec.decode(W3CHttpResponseCodec.java:50)
	at org.openqa.selenium.remote.HttpCommandExecutor.execute(HttpCommandExecutor.java:190)
	at org.openqa.selenium.remote.service.DriverCommandExecutor.invokeExecute(DriverCommandExecutor.java:216)
	at org.openqa.selenium.remote.service.DriverCommandExecutor.execute(DriverCommandExecutor.java:174)
	at org.openqa.selenium.remote.RemoteWebDriver.execute(RemoteWebDriver.java:518)
	at org.openqa.selenium.remote.ElementLocation$ElementFinder$2.findElement(ElementLocation.java:165)
	at org.openqa.selenium.remote.ElementLocation.findElement(ElementLocation.java:59)
	at org.openqa.selenium.remote.RemoteWebDriver.findElement(RemoteWebDriver.java:355)
	at org.openqa.selenium.remote.RemoteWebDriver.findElement(RemoteWebDriver.java:349)
	at org.openqa.selenium.support.pagefactory.DefaultElementLocator.findElement(DefaultElementLocator.java:68)
	at org.openqa.selenium.support.pagefactory.internal.LocatingElementHandler.invoke(LocatingElementHandler.java:38)
	at jdk.proxy2/jdk.proxy2.$Proxy21.getText(Unknown Source)
	at pageObjectModel.EmployeeHealthElements.getConformationMessage(EmployeeHealthElements.java:92)
	at steps.testSteps.loginButtonShouldBeEnabeld(testSteps.java:70)
	at ✽.Login button should be enabeld(file:///C:/Users/2318922/OneDrive%20-%20Cognizant/Project/FindingHospitals/src/test/java/features/Schedule.feature:26)
... Removed 5 stack frames</pre></div><a href='#' onClick='toggleBox("stack-trace931280002", this, "Click to show all stack frames", "Click to hide stack frames")'>Click to show all stack frames</a>
<div class='stack-trace' id='stack-trace931280002'><pre>org.openqa.selenium.NoSuchElementException: no such element: Unable to locate element: {&quot;method&quot;:&quot;xpath&quot;,&quot;selector&quot;:&quot;//div[@class=&apos;u-text--bold text-alpha&apos;]&quot;}
  (Session info: chrome=120.0.6099.130)
For documentation on this error, please visit: https://www.selenium.dev/documentation/webdriver/troubleshooting/errors#no-such-element-exception
Build info: version: &apos;4.19.1&apos;, revision: &apos;abe0ee07dc&apos;
System info: os.name: &apos;Windows 11&apos;, os.arch: &apos;amd64&apos;, os.version: &apos;10.0&apos;, java.version: &apos;17.0.9&apos;
Driver info: org.openqa.selenium.chrome.ChromeDriver
Command: [629afd32cdb84af0266c8e76d110f7c3, findElement {using=xpath, value=//div[@class=&apos;u-text--bold text-alpha&apos;]}]
Capabilities {acceptInsecureCerts: false, browserName: chrome, browserVersion: 120.0.6099.130, chrome: {chromedriverVersion: 120.0.6099.109 (3419140ab66..., userDataDir: C:\WINDOWS\SystemTemp\scope...}, fedcm:accounts: true, goog:chromeOptions: {debuggerAddress: localhost:50965}, networkConnectionEnabled: false, pageLoadStrategy: normal, platformName: windows, proxy: Proxy(), se:cdp: ws://localhost:50965/devtoo..., se:cdpVersion: 120.0.6099.130, setWindowRect: true, strictFileInteractability: false, timeouts: {implicit: 0, pageLoad: 300000, script: 30000}, unhandledPromptBehavior: dismiss and notify, webauthn:extension:credBlob: true, webauthn:extension:largeBlob: true, webauthn:extension:minPinLength: true, webauthn:extension:prf: true, webauthn:virtualAuthenticators: true}
Session ID: 629afd32cdb84af0266c8e76d110f7c3
	at java.base/jdk.internal.reflect.NativeConstructorAccessorImpl.newInstance0(Native Method)
	at java.base/jdk.internal.reflect.NativeConstructorAccessorImpl.newInstance(NativeConstructorAccessorImpl.java:77)
	at java.base/jdk.internal.reflect.DelegatingConstructorAccessorImpl.newInstance(DelegatingConstructorAccessorImpl.java:45)
	at java.base/java.lang.reflect.Constructor.newInstanceWithCaller(Constructor.java:499)
	at java.base/java.lang.reflect.Constructor.newInstance(Constructor.java:480)
	at org.openqa.selenium.remote.ErrorCodec.decode(ErrorCodec.java:167)
	at org.openqa.selenium.remote.codec.w3c.W3CHttpResponseCodec.decode(W3CHttpResponseCodec.java:138)
	at org.openqa.selenium.remote.codec.w3c.W3CHttpResponseCodec.decode(W3CHttpResponseCodec.java:50)
	at org.openqa.selenium.remote.HttpCommandExecutor.execute(HttpCommandExecutor.java:190)
	at org.openqa.selenium.remote.service.DriverCommandExecutor.invokeExecute(DriverCommandExecutor.java:216)
	at org.openqa.selenium.remote.service.DriverCommandExecutor.execute(DriverCommandExecutor.java:174)
	at org.openqa.selenium.remote.RemoteWebDriver.execute(RemoteWebDriver.java:518)
	at org.openqa.selenium.remote.ElementLocation$ElementFinder$2.findElement(ElementLocation.java:165)
	at org.openqa.selenium.remote.ElementLocation.findElement(ElementLocation.java:59)
	at org.openqa.selenium.remote.RemoteWebDriver.findElement(RemoteWebDriver.java:355)
	at org.openqa.selenium.remote.RemoteWebDriver.findElement(RemoteWebDriver.java:349)
	at org.openqa.selenium.support.pagefactory.DefaultElementLocator.findElement(DefaultElementLocator.java:68)
	at org.openqa.selenium.support.pagefactory.internal.LocatingElementHandler.invoke(LocatingElementHandler.java:38)
	at jdk.proxy2/jdk.proxy2.$Proxy21.getText(Unknown Source)
	at pageObjectModel.EmployeeHealthElements.getConformationMessage(EmployeeHealthElements.java:92)
	at steps.testSteps.loginButtonShouldBeEnabeld(testSteps.java:70)
	at ✽.Login button should be enabeld(file:///C:/Users/2318922/OneDrive%20-%20Cognizant/Project/FindingHospitals/src/test/java/features/Schedule.feature:26)
</pre></div></td>
<td>22</td>
<td>testRunner.Runner@508dec2b</td></tr>
</table><p>
<table width='100%' border='1' class='invocation-passed'>
<tr><td colspan='4' align='center'><b>PASSED TESTS</b></td></tr>
<tr><td><b>Test method</b></td>
<td><b>Attribute(s)</b></td>
<td width="30%"><b>Exception</b></td>
<td width="10%"><b>Time (seconds)</b></td>
<td><b>Instance</b></td>
</tr>
<tr>
<td title='testCase.TS_03_ValidationSergeriesPage.allDepartment()'><b>allDepartment</b><br>Test class: testCase.TS_03_ValidationSergeriesPage</td>
<td></td>
<td>1</td>
<td>testCase.TS_03_ValidationSergeriesPage@7dc19a70</td></tr>
<tr>
<td title='testCase.TS_02_ValidationOfScheduling.withAllValidDetails()'><b>withAllValidDetails</b><br>Test class: testCase.TS_02_ValidationOfScheduling<br>Parameters: [Ljava.lang.String;@158cb50a</td>
<td></td>
<td>3</td>
<td>testCase.TS_02_ValidationOfScheduling@3e0e1046</td></tr>
<tr>
<td title='testCase.TS_05_ValidationOfSearchPage.verifyLocation()'><b>verifyLocation</b><br>Test class: testCase.TS_05_ValidationOfSearchPage</td>
<td></td>
<td>5</td>
<td>testCase.TS_05_ValidationOfSearchPage@1e4f4a5c</td></tr>
<tr>
<td title='testCase.TS_02_ValidationOfScheduling.withAllValidDetails()'><b>withAllValidDetails</b><br>Test class: testCase.TS_02_ValidationOfScheduling<br>Parameters: [Ljava.lang.String;@649a6d88</td>
<td></td>
<td>2</td>
<td>testCase.TS_02_ValidationOfScheduling@3e0e1046</td></tr>
<tr>
<td title='testCase.TS_04_ValidationOfLabTest.addToCartValidation()'><b>addToCartValidation</b><br>Test class: testCase.TS_04_ValidationOfLabTest</td>
<td></td>
<td>9</td>
<td>testCase.TS_04_ValidationOfLabTest@1b66c0fb</td></tr>
<tr>
<td title='testCase.TS_02_ValidationOfScheduling.withAllValidDetails()'><b>withAllValidDetails</b><br>Test class: testCase.TS_02_ValidationOfScheduling<br>Parameters: [Ljava.lang.String;@69e23e94</td>
<td></td>
<td>3</td>
<td>testCase.TS_02_ValidationOfScheduling@3e0e1046</td></tr>
<tr>
<td title='testCase.TS_02_ValidationOfScheduling.validationOfThankYouMessage()'><b>validationOfThankYouMessage</b><br>Test class: testCase.TS_02_ValidationOfScheduling</td>
<td></td>
<td>33</td>
<td>testCase.TS_02_ValidationOfScheduling@3e0e1046</td></tr>
<tr>
<td title='testCase.TS_01_ValidationOfHomePage.functionalityValidation()'><b>functionalityValidation</b><br>Test class: testCase.TS_01_ValidationOfHomePage</td>
<td></td>
<td>0</td>
<td>testCase.TS_01_ValidationOfHomePage@24c1b2d2</td></tr>
<tr>
<td title='testCase.TS_02_ValidationOfScheduling.withAllValidDetails()'><b>withAllValidDetails</b><br>Test class: testCase.TS_02_ValidationOfScheduling<br>Parameters: [Ljava.lang.String;@55c78556</td>
<td></td>
<td>3</td>
<td>testCase.TS_02_ValidationOfScheduling@3e0e1046</td></tr>
</table><p>
</body>
</html>