<?xml version="1.0" encoding="UTF-8"?>
<!-- Generated by org.testng.reporters.JUnitXMLReporter -->
<testsuite ignored="21" hostname="LTIN487229" failures="1" tests="10" name="EdgeTest(failed)" time="168.822" errors="0" timestamp="2024-04-14T14:55:22 IST">
  <testcase classname="testCase.TS_04_ValidationOfLabTest" name="addToCartValidation" time="9.36"/>
  <testcase classname="testCase.TS_02_ValidationOfScheduling" name="withAllValidDetails" time="2.529"/>
  <testcase classname="testCase.TS_02_ValidationOfScheduling" name="withAllValidDetails" time="3.215"/>
  <testcase classname="testCase.TS_02_ValidationOfScheduling" name="withAllValidDetails" time="3.617"/>
  <testcase classname="testCase.TS_02_ValidationOfScheduling" name="withAllValidDetails" time="3.43"/>
  <testcase classname="testCase.TS_02_ValidationOfScheduling" name="validationOfThankYouMessage" time="33.449"/>
  <testcase classname="testCase.TS_01_ValidationOfHomePage" name="functionalityValidation" time="0.571"/>
  <testcase classname="testCase.TS_03_ValidationSergeriesPage" name="allDepartment" time="1.968"/>
  <testcase classname="io.cucumber.testng.AbstractTestNGCucumberTests" name="runScenario" time="22.16">
    <failure type="org.openqa.selenium.NoSuchElementException" message="no such element: Unable to locate element: {&amp;quot;method&amp;quot;:&amp;quot;xpath&amp;quot;,&amp;quot;selector&amp;quot;:&amp;quot;//div[@class=&amp;apos;u-text--bold text-alpha&amp;apos;]&amp;quot;}
  (Session info: chrome=120.0.6099.130)
For documentation on this error, please visit: https://www.selenium.dev/documentation/webdriver/troubleshooting/errors#no-such-element-exception
Build info: version: &amp;apos;4.19.1&amp;apos;, revision: &amp;apos;abe0ee07dc&amp;apos;
System info: os.name: &amp;apos;Windows 11&amp;apos;, os.arch: &amp;apos;amd64&amp;apos;, os.version: &amp;apos;10.0&amp;apos;, java.version: &amp;apos;17.0.9&amp;apos;
Driver info: org.openqa.selenium.chrome.ChromeDriver
Command: [629afd32cdb84af0266c8e76d110f7c3, findElement {using=xpath, value=//div[@class=&amp;apos;u-text--bold text-alpha&amp;apos;]}]
Capabilities {acceptInsecureCerts: false, browserName: chrome, browserVersion: 120.0.6099.130, chrome: {chromedriverVersion: 120.0.6099.109 (3419140ab66..., userDataDir: C:\WINDOWS\SystemTemp\scope...}, fedcm:accounts: true, goog:chromeOptions: {debuggerAddress: localhost:50965}, networkConnectionEnabled: false, pageLoadStrategy: normal, platformName: windows, proxy: Proxy(), se:cdp: ws://localhost:50965/devtoo..., se:cdpVersion: 120.0.6099.130, setWindowRect: true, strictFileInteractability: false, timeouts: {implicit: 0, pageLoad: 300000, script: 30000}, unhandledPromptBehavior: dismiss and notify, webauthn:extension:credBlob: true, webauthn:extension:largeBlob: true, webauthn:extension:minPinLength: true, webauthn:extension:prf: true, webauthn:virtualAuthenticators: true}
Session ID: 629afd32cdb84af0266c8e76d110f7c3">
      <![CDATA[org.openqa.selenium.NoSuchElementException: no such element: Unable to locate element: {"method":"xpath","selector":"//div[@class='u-text--bold text-alpha']"}
  (Session info: chrome=120.0.6099.130)
For documentation on this error, please visit: https://www.selenium.dev/documentation/webdriver/troubleshooting/errors#no-such-element-exception
Build info: version: '4.19.1', revision: 'abe0ee07dc'
System info: os.name: 'Windows 11', os.arch: 'amd64', os.version: '10.0', java.version: '17.0.9'
Driver info: org.openqa.selenium.chrome.ChromeDriver
Command: [629afd32cdb84af0266c8e76d110f7c3, findElement {using=xpath, value=//div[@class='u-text--bold text-alpha']}]
Capabilities {acceptInsecureCerts: false, browserName: chrome, browserVersion: 120.0.6099.130, chrome: {chromedriverVersion: 120.0.6099.109 (3419140ab66..., userDataDir: C:\WINDOWS\SystemTemp\scope...}, fedcm:accounts: true, goog:chromeOptions: {debuggerAddress: localhost:50965}, networkConnectionEnabled: false, pageLoadStrategy: normal, platformName: windows, proxy: Proxy(), se:cdp: ws://localhost:50965/devtoo..., se:cdpVersion: 120.0.6099.130, setWindowRect: true, strictFileInteractability: false, timeouts: {implicit: 0, pageLoad: 300000, script: 30000}, unhandledPromptBehavior: dismiss and notify, webauthn:extension:credBlob: true, webauthn:extension:largeBlob: true, webauthn:extension:minPinLength: true, webauthn:extension:prf: true, webauthn:virtualAuthenticators: true}
Session ID: 629afd32cdb84af0266c8e76d110f7c3
at org.openqa.selenium.remote.ErrorCodec.decode(ErrorCodec.java:167)
at org.openqa.selenium.remote.codec.w3c.W3CHttpResponseCodec.decode(W3CHttpResponseCodec.java:138)
at org.openqa.selenium.remote.codec.w3c.W3CHttpResponseCodec.decode(W3CHttpResponseCodec.java:50)
at org.openqa.selenium.remote.HttpCommandExecutor.execute(HttpCommandExecutor.java:190)
at org.openqa.selenium.remote.service.DriverCommandExecutor.invokeExecute(DriverCommandExecutor.java:216)
at org.openqa.selenium.remote.service.DriverCommandExecutor.execute(DriverCommandExecutor.java:174)
at org.openqa.selenium.remote.RemoteWebDriver.execute(RemoteWebDriver.java:518)
at org.openqa.selenium.remote.ElementLocation$ElementFinder$2.findElement(ElementLocation.java:165)
at org.openqa.selenium.remote.ElementLocation.findElement(ElementLocation.java:59)
at org.openqa.selenium.remote.RemoteWebDriver.findElement(RemoteWebDriver.java:355)
at org.openqa.selenium.remote.RemoteWebDriver.findElement(RemoteWebDriver.java:349)
at org.openqa.selenium.support.pagefactory.DefaultElementLocator.findElement(DefaultElementLocator.java:68)
at org.openqa.selenium.support.pagefactory.internal.LocatingElementHandler.invoke(LocatingElementHandler.java:38)
at jdk.proxy2/jdk.proxy2.$Proxy21.getText(Unknown Source)
at pageObjectModel.EmployeeHealthElements.getConformationMessage(EmployeeHealthElements.java:92)
at steps.testSteps.loginButtonShouldBeEnabeld(testSteps.java:70)
at âœ½.Login button should be enabeld(file:///C:/Users/2318922/OneDrive%20-%20Cognizant/Project/FindingHospitals/src/test/java/features/Schedule.feature:26)
... Removed 5 stack frames]]>
    </failure>
  </testcase> <!-- runScenario -->
  <testcase classname="testCase.TS_05_ValidationOfSearchPage" name="verifyLocation" time="5.392"/>
  <testcase classname="testCase.TS_03_ValidationSergeriesPage" name="contactDetails" time="0.0">
    <ignored/>
  </testcase> <!-- contactDetails -->
  <testcase classname="testCase.TS_02_ValidationOfScheduling" name="isHealthIsClickable" time="0.0">
    <ignored/>
  </testcase> <!-- isHealthIsClickable -->
  <testcase classname="testCase.TS_01_ValidationOfHomePage" name="logoValidation" time="0.0">
    <ignored/>
  </testcase> <!-- logoValidation -->
  <testcase classname="testBase.BaseClass" name="@BeforeSuite beforeSuite" time="0.0">
    <ignored/>
  </testcase> <!-- @BeforeSuite beforeSuite -->
  <testcase classname="testCase.TS_01_ValidationOfHomePage" name="loginValidation" time="0.0">
    <ignored/>
  </testcase> <!-- loginValidation -->
  <testcase classname="testCase.TS_01_ValidationOfHomePage" name="downloadValidation" time="0.0">
    <ignored/>
  </testcase> <!-- downloadValidation -->
  <testcase classname="testCase.TS_01_ValidationOfHomePage" name="copyRightValidation" time="0.0">
    <ignored/>
  </testcase> <!-- copyRightValidation -->
  <testcase classname="testCase.TS_04_ValidationOfLabTest" name="topCitiesBlockAvailable" time="0.0">
    <ignored/>
  </testcase> <!-- topCitiesBlockAvailable -->
  <testcase classname="testBase.BaseClass" name="@BeforeSuite beforeSuite" time="0.0">
    <ignored/>
  </testcase> <!-- @BeforeSuite beforeSuite -->
  <testcase classname="testCase.TS_03_ValidationSergeriesPage" name="allSurgeries" time="0.0">
    <ignored/>
  </testcase> <!-- allSurgeries -->
  <testcase classname="testCase.TS_05_ValidationOfSearchPage" name="professionVerification" time="0.0">
    <ignored/>
  </testcase> <!-- professionVerification -->
  <testcase classname="testBase.BaseClass" name="@BeforeSuite beforeSuite" time="0.0">
    <ignored/>
  </testcase> <!-- @BeforeSuite beforeSuite -->
  <testcase classname="testCase.TS_04_ValidationOfLabTest" name="needHelpBlockValidation" time="0.0">
    <ignored/>
  </testcase> <!-- needHelpBlockValidation -->
  <testcase classname="testCase.TS_04_ValidationOfLabTest" name="allCitiesBlockAvailable" time="0.0">
    <ignored/>
  </testcase> <!-- allCitiesBlockAvailable -->
  <testcase classname="testCase.TS_03_ValidationSergeriesPage" name="howItWorks" time="0.0">
    <ignored/>
  </testcase> <!-- howItWorks -->
  <testcase classname="testBase.BaseClass" name="@BeforeSuite beforeSuite" time="0.0">
    <ignored/>
  </testcase> <!-- @BeforeSuite beforeSuite -->
  <testcase classname="testCase.TS_05_ValidationOfSearchPage" name="professionValidation" time="0.0">
    <ignored/>
  </testcase> <!-- professionValidation -->
  <testcase classname="testCase.TS_05_ValidationOfSearchPage" name="dropDownVerification" time="0.0">
    <ignored/>
  </testcase> <!-- dropDownVerification -->
  <testcase classname="testCase.TS_04_ValidationOfLabTest" name="isLabTestclickable" time="0.0">
    <ignored/>
  </testcase> <!-- isLabTestclickable -->
  <testcase classname="testCase.TS_03_ValidationSergeriesPage" name="practoCareBenifits" time="0.0">
    <ignored/>
  </testcase> <!-- practoCareBenifits -->
  <testcase classname="testCase.TS_05_ValidationOfSearchPage" name="userVerification" time="0.0">
    <ignored/>
  </testcase> <!-- userVerification -->
</testsuite> <!-- EdgeTest(failed) -->
